2018-12-03 11:53:28 9532 [Note] Plugin 'FEDERATED' is disabled.
2018-12-03 11:53:28 9532 [Note] InnoDB: The InnoDB memory heap is disabled
2018-12-03 11:53:28 9532 [Note] InnoDB: Mutexes and rw_locks use Windows interlocked functions
2018-12-03 11:53:28 9532 [Note] InnoDB: Compressed tables use zlib 1.2.3
2018-12-03 11:53:28 9532 [Note] InnoDB: Not using CPU crc32 instructions
2018-12-03 11:53:28 9532 [Note] InnoDB: Initializing buffer pool, size = 128.0M
2018-12-03 11:53:28 9532 [Note] InnoDB: Completed initialization of buffer pool
2018-12-03 11:53:28 9532 [Note] InnoDB: Setting log file C:\Users\MCE18161675\Documents\Neueda-Spring-Boot\USB web Server\mysql\data\ib_logfile101 size to 5 MB
2018-12-03 11:53:29 9532 [Note] InnoDB: Setting log file C:\Users\MCE18161675\Documents\Neueda-Spring-Boot\USB web Server\mysql\data\ib_logfile1 size to 5 MB
2018-12-03 11:53:29 9532 [Note] InnoDB: Renaming log file C:\Users\MCE18161675\Documents\Neueda-Spring-Boot\USB web Server\mysql\data\ib_logfile101 to C:\Users\MCE18161675\Documents\Neueda-Spring-Boot\USB web Server\mysql\data\ib_logfile0
2018-12-03 11:53:29 9532 [Warning] InnoDB: New log files created, LSN=1626134
2018-12-03 11:53:29 9532 [Note] InnoDB: Highest supported file format is Barracuda.
2018-12-03 11:53:31 9532 [Note] InnoDB: 128 rollback segment(s) are active.
2018-12-03 11:53:31 9532 [Note] InnoDB: Waiting for purge to start
2018-12-03 11:53:31 9532 [Note] InnoDB: 5.6.13 started; log sequence number 1626636
2018-12-03 11:53:31 9532 [Warning] No existing UUID has been found, so we assume that this is the first time that this server has been started. Generating a new UUID: 0df6cf44-f6f2-11e8-a7d0-40a8f04298e1.
2018-12-03 11:53:31 9532 [Note] Server hostname (bind-address): '*'; port: 3307
2018-12-03 11:53:31 9532 [Note] IPv6 is available.
2018-12-03 11:53:31 9532 [Note]   - '::' resolves to '::';
2018-12-03 11:53:31 9532 [Note] Server socket created on IP: '::'.
2018-12-03 12:14:47 13152 [Note] Plugin 'FEDERATED' is disabled.
2018-12-03 12:14:47 13152 [Note] InnoDB: The InnoDB memory heap is disabled
2018-12-03 12:14:47 13152 [Note] InnoDB: Mutexes and rw_locks use Windows interlocked functions
2018-12-03 12:14:47 13152 [Note] InnoDB: Compressed tables use zlib 1.2.3
2018-12-03 12:14:47 13152 [Note] InnoDB: Not using CPU crc32 instructions
2018-12-03 12:14:47 13152 [Note] InnoDB: Initializing buffer pool, size = 128.0M
2018-12-03 12:14:47 13152 [Note] InnoDB: Completed initialization of buffer pool
2018-12-03 12:14:47 13152 [Note] InnoDB: Highest supported file format is Barracuda.
2018-12-03 12:14:47 13152 [Note] InnoDB: The log sequence numbers 1626134 and 1626134 in ibdata files do not match the log sequence number 1626646 in the ib_logfiles!
2018-12-03 12:14:47 13152 [Note] InnoDB: Database was not shutdown normally!
2018-12-03 12:14:47 13152 [Note] InnoDB: Starting crash recovery.
2018-12-03 12:14:47 13152 [Note] InnoDB: Reading tablespace information from the .ibd files...
2018-12-03 12:14:47 13152 [Note] InnoDB: Restoring possible half-written data pages 
2018-12-03 12:14:47 13152 [Note] InnoDB: from the doublewrite buffer...
2018-12-03 12:14:48 13152 [Note] InnoDB: 128 rollback segment(s) are active.
2018-12-03 12:14:48 13152 [Note] InnoDB: Waiting for purge to start
2018-12-03 12:14:48 13152 [Note] InnoDB: 5.6.13 started; log sequence number 1626646
2018-12-03 12:14:48 13152 [Note] Server hostname (bind-address): '*'; port: 3306
2018-12-03 12:14:48 13152 [Note] IPv6 is available.
2018-12-03 12:14:48 13152 [Note]   - '::' resolves to '::';
2018-12-03 12:14:48 13152 [Note] Server socket created on IP: '::'.
2018-12-03 12:14:54 7652 [Note] Plugin 'FEDERATED' is disabled.
2018-12-03 12:14:54 7652 [Note] InnoDB: The InnoDB memory heap is disabled
2018-12-03 12:14:54 7652 [Note] InnoDB: Mutexes and rw_locks use Windows interlocked functions
2018-12-03 12:14:54 7652 [Note] InnoDB: Compressed tables use zlib 1.2.3
2018-12-03 12:14:54 7652 [Note] InnoDB: Not using CPU crc32 instructions
2018-12-03 12:14:54 7652 [Note] InnoDB: Initializing buffer pool, size = 128.0M
2018-12-03 12:14:54 7652 [Note] InnoDB: Completed initialization of buffer pool
2018-12-03 12:14:54 7652 [Note] InnoDB: Highest supported file format is Barracuda.
2018-12-03 12:14:54 7652 [Note] InnoDB: The log sequence numbers 1626134 and 1626134 in ibdata files do not match the log sequence number 1626656 in the ib_logfiles!
2018-12-03 12:14:54 7652 [Note] InnoDB: Database was not shutdown normally!
2018-12-03 12:14:54 7652 [Note] InnoDB: Starting crash recovery.
2018-12-03 12:14:54 7652 [Note] InnoDB: Reading tablespace information from the .ibd files...
2018-12-03 12:14:54 7652 [Note] InnoDB: Restoring possible half-written data pages 
2018-12-03 12:14:54 7652 [Note] InnoDB: from the doublewrite buffer...
2018-12-03 12:14:55 7652 [Note] InnoDB: 128 rollback segment(s) are active.
2018-12-03 12:14:55 7652 [Note] InnoDB: Waiting for purge to start
2018-12-03 12:14:55 7652 [Note] InnoDB: 5.6.13 started; log sequence number 1626656
2018-12-03 12:14:55 7652 [Note] Server hostname (bind-address): '*'; port: 3306
2018-12-03 12:14:55 7652 [Note] IPv6 is available.
2018-12-03 12:14:55 7652 [Note]   - '::' resolves to '::';
2018-12-03 12:14:55 7652 [Note] Server socket created on IP: '::'.
2018-12-03 12:15:38 8848 [Note] Plugin 'FEDERATED' is disabled.
2018-12-03 12:15:38 8848 [Note] InnoDB: The InnoDB memory heap is disabled
2018-12-03 12:15:38 8848 [Note] InnoDB: Mutexes and rw_locks use Windows interlocked functions
2018-12-03 12:15:38 8848 [Note] InnoDB: Compressed tables use zlib 1.2.3
2018-12-03 12:15:38 8848 [Note] InnoDB: Not using CPU crc32 instructions
2018-12-03 12:15:38 8848 [Note] InnoDB: Initializing buffer pool, size = 128.0M
2018-12-03 12:15:38 8848 [Note] InnoDB: Completed initialization of buffer pool
2018-12-03 12:15:38 8848 [Note] InnoDB: Highest supported file format is Barracuda.
2018-12-03 12:15:38 8848 [Note] InnoDB: The log sequence numbers 1626134 and 1626134 in ibdata files do not match the log sequence number 1626666 in the ib_logfiles!
2018-12-03 12:15:38 8848 [Note] InnoDB: Database was not shutdown normally!
2018-12-03 12:15:38 8848 [Note] InnoDB: Starting crash recovery.
2018-12-03 12:15:38 8848 [Note] InnoDB: Reading tablespace information from the .ibd files...
2018-12-03 12:15:38 8848 [Note] InnoDB: Restoring possible half-written data pages 
2018-12-03 12:15:38 8848 [Note] InnoDB: from the doublewrite buffer...
2018-12-03 12:15:39 8848 [Note] InnoDB: 128 rollback segment(s) are active.
2018-12-03 12:15:39 8848 [Note] InnoDB: Waiting for purge to start
2018-12-03 12:15:39 8848 [Note] InnoDB: 5.6.13 started; log sequence number 1626666
2018-12-03 12:15:39 8848 [Note] Server hostname (bind-address): '*'; port: 3306
2018-12-03 12:15:39 8848 [Note] IPv6 is available.
2018-12-03 12:15:39 8848 [Note]   - '::' resolves to '::';
2018-12-03 12:15:39 8848 [Note] Server socket created on IP: '::'.
2018-12-03 14:18:22 5868 [Note] Plugin 'FEDERATED' is disabled.
2018-12-03 14:18:22 5868 [Note] InnoDB: The InnoDB memory heap is disabled
2018-12-03 14:18:22 5868 [Note] InnoDB: Mutexes and rw_locks use Windows interlocked functions
2018-12-03 14:18:22 5868 [Note] InnoDB: Compressed tables use zlib 1.2.3
2018-12-03 14:18:22 5868 [Note] InnoDB: Not using CPU crc32 instructions
2018-12-03 14:18:22 5868 [Note] InnoDB: Initializing buffer pool, size = 128.0M
2018-12-03 14:18:22 5868 [Note] InnoDB: Completed initialization of buffer pool
2018-12-03 14:18:22 5868 [Note] InnoDB: Highest supported file format is Barracuda.
2018-12-03 14:18:22 5868 [Note] InnoDB: The log sequence numbers 1626134 and 1626134 in ibdata files do not match the log sequence number 1626676 in the ib_logfiles!
2018-12-03 14:18:22 5868 [Note] InnoDB: Database was not shutdown normally!
2018-12-03 14:18:22 5868 [Note] InnoDB: Starting crash recovery.
2018-12-03 14:18:22 5868 [Note] InnoDB: Reading tablespace information from the .ibd files...
2018-12-03 14:18:22 5868 [Note] InnoDB: Restoring possible half-written data pages 
2018-12-03 14:18:22 5868 [Note] InnoDB: from the doublewrite buffer...
2018-12-03 14:18:22 5868 [Note] InnoDB: 128 rollback segment(s) are active.
2018-12-03 14:18:22 5868 [Note] InnoDB: Waiting for purge to start
2018-12-03 14:18:22 5868 [Note] InnoDB: 5.6.13 started; log sequence number 1626676
2018-12-03 14:18:22 5868 [Note] Server hostname (bind-address): '*'; port: 3306
2018-12-03 14:18:22 5868 [Note] IPv6 is available.
2018-12-03 14:18:22 5868 [Note]   - '::' resolves to '::';
2018-12-03 14:18:22 5868 [Note] Server socket created on IP: '::'.
2018-12-03 14:44:02 13184 [Note] Plugin 'FEDERATED' is disabled.
2018-12-03 14:44:02 13184 [Note] InnoDB: The InnoDB memory heap is disabled
2018-12-03 14:44:02 13184 [Note] InnoDB: Mutexes and rw_locks use Windows interlocked functions
2018-12-03 14:44:02 13184 [Note] InnoDB: Compressed tables use zlib 1.2.3
2018-12-03 14:44:02 13184 [Note] InnoDB: Not using CPU crc32 instructions
2018-12-03 14:44:02 13184 [Note] InnoDB: Initializing buffer pool, size = 128.0M
2018-12-03 14:44:02 13184 [Note] InnoDB: Completed initialization of buffer pool
2018-12-03 14:44:02 13184 [Note] InnoDB: Highest supported file format is Barracuda.
2018-12-03 14:44:02 13184 [Note] InnoDB: The log sequence numbers 1626134 and 1626134 in ibdata files do not match the log sequence number 1626686 in the ib_logfiles!
2018-12-03 14:44:02 13184 [Note] InnoDB: Database was not shutdown normally!
2018-12-03 14:44:02 13184 [Note] InnoDB: Starting crash recovery.
2018-12-03 14:44:02 13184 [Note] InnoDB: Reading tablespace information from the .ibd files...
2018-12-03 14:44:03 13184 [Note] InnoDB: Restoring possible half-written data pages 
2018-12-03 14:44:03 13184 [Note] InnoDB: from the doublewrite buffer...
2018-12-03 14:44:03 13184 [Note] InnoDB: 128 rollback segment(s) are active.
2018-12-03 14:44:03 13184 [Note] InnoDB: Waiting for purge to start
2018-12-03 14:44:03 13184 [Note] InnoDB: 5.6.13 started; log sequence number 1626686
2018-12-03 14:44:03 13184 [Note] Server hostname (bind-address): '*'; port: 3306
2018-12-03 14:44:03 13184 [Note] IPv6 is available.
2018-12-03 14:44:03 13184 [Note]   - '::' resolves to '::';
2018-12-03 14:44:03 13184 [Note] Server socket created on IP: '::'.
2018-12-04 09:17:44 4108 [Note] Plugin 'FEDERATED' is disabled.
2018-12-04 09:17:44 4108 [Note] InnoDB: The InnoDB memory heap is disabled
2018-12-04 09:17:44 4108 [Note] InnoDB: Mutexes and rw_locks use Windows interlocked functions
2018-12-04 09:17:44 4108 [Note] InnoDB: Compressed tables use zlib 1.2.3
2018-12-04 09:17:44 4108 [Note] InnoDB: Not using CPU crc32 instructions
2018-12-04 09:17:44 4108 [Note] InnoDB: Initializing buffer pool, size = 128.0M
2018-12-04 09:17:44 4108 [Note] InnoDB: Completed initialization of buffer pool
2018-12-04 09:17:48 4108 [Note] InnoDB: Highest supported file format is Barracuda.
2018-12-04 09:17:49 4108 [Note] InnoDB: The log sequence numbers 1626134 and 1626134 in ibdata files do not match the log sequence number 1626696 in the ib_logfiles!
2018-12-04 09:17:49 4108 [Note] InnoDB: Database was not shutdown normally!
2018-12-04 09:17:49 4108 [Note] InnoDB: Starting crash recovery.
2018-12-04 09:17:49 4108 [Note] InnoDB: Reading tablespace information from the .ibd files...
2018-12-04 09:17:52 4108 [Note] InnoDB: Restoring possible half-written data pages 
2018-12-04 09:17:52 4108 [Note] InnoDB: from the doublewrite buffer...
2018-12-04 09:18:51 4108 [Note] InnoDB: 128 rollback segment(s) are active.
2018-12-04 09:18:53 4108 [Note] InnoDB: Waiting for purge to start
2018-12-04 09:18:54 4108 [Note] InnoDB: 5.6.13 started; log sequence number 1626696
2018-12-04 09:18:59 4108 [Note] Server hostname (bind-address): '*'; port: 3306
2018-12-04 09:18:59 4108 [Note] IPv6 is available.
2018-12-04 09:19:00 4108 [Note]   - '::' resolves to '::';
2018-12-04 09:19:00 4108 [Note] Server socket created on IP: '::'.
2018-12-05 08:49:23 6964 [Note] Plugin 'FEDERATED' is disabled.
2018-12-05 08:49:39 6964 [Note] InnoDB: The InnoDB memory heap is disabled
2018-12-05 08:49:39 6964 [Note] InnoDB: Mutexes and rw_locks use Windows interlocked functions
2018-12-05 08:49:39 6964 [Note] InnoDB: Compressed tables use zlib 1.2.3
2018-12-05 08:49:42 6964 [Note] InnoDB: Not using CPU crc32 instructions
2018-12-05 08:49:42 6964 [Note] InnoDB: Initializing buffer pool, size = 128.0M
2018-12-05 08:49:42 6964 [Note] InnoDB: Completed initialization of buffer pool
2018-12-05 08:49:44 6964 [Note] InnoDB: Highest supported file format is Barracuda.
2018-12-05 08:49:44 6964 [Note] InnoDB: The log sequence numbers 1626134 and 1626134 in ibdata files do not match the log sequence number 1626706 in the ib_logfiles!
2018-12-05 08:49:44 6964 [Note] InnoDB: Database was not shutdown normally!
2018-12-05 08:49:44 6964 [Note] InnoDB: Starting crash recovery.
2018-12-05 08:49:44 6964 [Note] InnoDB: Reading tablespace information from the .ibd files...
2018-12-05 08:49:50 6964 [Note] InnoDB: Restoring possible half-written data pages 
2018-12-05 08:49:50 6964 [Note] InnoDB: from the doublewrite buffer...
2018-12-05 08:50:12 6964 [Note] InnoDB: 128 rollback segment(s) are active.
2018-12-05 08:50:12 6964 [Note] InnoDB: Waiting for purge to start
2018-12-05 08:50:12 6964 [Note] InnoDB: 5.6.13 started; log sequence number 1626706
2018-12-05 08:50:15 6964 [Note] Server hostname (bind-address): '*'; port: 3306
2018-12-05 08:50:15 6964 [Note] IPv6 is available.
2018-12-05 08:50:15 6964 [Note]   - '::' resolves to '::';
2018-12-05 08:50:15 6964 [Note] Server socket created on IP: '::'.
2018-12-06 09:44:33 9672 [Note] Plugin 'FEDERATED' is disabled.
2018-12-06 09:44:33 9672 [Note] InnoDB: The InnoDB memory heap is disabled
2018-12-06 09:44:33 9672 [Note] InnoDB: Mutexes and rw_locks use Windows interlocked functions
2018-12-06 09:44:33 9672 [Note] InnoDB: Compressed tables use zlib 1.2.3
2018-12-06 09:44:34 9672 [Note] InnoDB: Not using CPU crc32 instructions
2018-12-06 09:44:34 9672 [Note] InnoDB: Initializing buffer pool, size = 128.0M
2018-12-06 09:44:34 9672 [Note] InnoDB: Completed initialization of buffer pool
2018-12-06 09:44:34 9672 [Note] InnoDB: Highest supported file format is Barracuda.
2018-12-06 09:44:34 9672 [Note] InnoDB: The log sequence numbers 1626134 and 1626134 in ibdata files do not match the log sequence number 1626716 in the ib_logfiles!
2018-12-06 09:44:34 9672 [Note] InnoDB: Database was not shutdown normally!
2018-12-06 09:44:34 9672 [Note] InnoDB: Starting crash recovery.
2018-12-06 09:44:34 9672 [Note] InnoDB: Reading tablespace information from the .ibd files...
2018-12-06 09:44:35 9672 [Note] InnoDB: Restoring possible half-written data pages 
2018-12-06 09:44:35 9672 [Note] InnoDB: from the doublewrite buffer...
2018-12-06 09:44:37 9672 [Note] InnoDB: 128 rollback segment(s) are active.
2018-12-06 09:44:37 9672 [Note] InnoDB: Waiting for purge to start
2018-12-06 09:44:37 9672 [Note] InnoDB: 5.6.13 started; log sequence number 1626716
2018-12-06 09:44:37 9672 [Note] Server hostname (bind-address): '*'; port: 3306
2018-12-06 09:44:37 9672 [Note] IPv6 is available.
2018-12-06 09:44:37 9672 [Note]   - '::' resolves to '::';
2018-12-06 09:44:37 9672 [Note] Server socket created on IP: '::'.
2018-12-10 09:22:49 9088 [Note] Plugin 'FEDERATED' is disabled.
2018-12-10 09:22:50 9088 [Note] InnoDB: The InnoDB memory heap is disabled
2018-12-10 09:22:50 9088 [Note] InnoDB: Mutexes and rw_locks use Windows interlocked functions
2018-12-10 09:22:50 9088 [Note] InnoDB: Compressed tables use zlib 1.2.3
2018-12-10 09:22:51 9088 [Note] InnoDB: Not using CPU crc32 instructions
2018-12-10 09:22:51 9088 [Note] InnoDB: Initializing buffer pool, size = 128.0M
2018-12-10 09:22:51 9088 [Note] InnoDB: Completed initialization of buffer pool
2018-12-10 09:22:51 9088 [Note] InnoDB: Highest supported file format is Barracuda.
2018-12-10 09:22:51 9088 [Note] InnoDB: The log sequence numbers 1626134 and 1626134 in ibdata files do not match the log sequence number 1626726 in the ib_logfiles!
2018-12-10 09:22:51 9088 [Note] InnoDB: Database was not shutdown normally!
2018-12-10 09:22:51 9088 [Note] InnoDB: Starting crash recovery.
2018-12-10 09:22:51 9088 [Note] InnoDB: Reading tablespace information from the .ibd files...
2018-12-10 09:22:52 9088 [Note] InnoDB: Restoring possible half-written data pages 
2018-12-10 09:22:52 9088 [Note] InnoDB: from the doublewrite buffer...
2018-12-10 09:22:55 9088 [Note] InnoDB: 128 rollback segment(s) are active.
2018-12-10 09:22:55 9088 [Note] InnoDB: Waiting for purge to start
2018-12-10 09:22:55 9088 [Note] InnoDB: 5.6.13 started; log sequence number 1626726
2018-12-10 09:22:56 9088 [Note] Server hostname (bind-address): '*'; port: 3306
2018-12-10 09:22:56 9088 [Note] IPv6 is available.
2018-12-10 09:22:56 9088 [Note]   - '::' resolves to '::';
2018-12-10 09:22:56 9088 [Note] Server socket created on IP: '::'.
2018-12-11 09:31:14 10456 [Note] Plugin 'FEDERATED' is disabled.
2018-12-11 09:31:14 10456 [Note] InnoDB: The InnoDB memory heap is disabled
2018-12-11 09:31:14 10456 [Note] InnoDB: Mutexes and rw_locks use Windows interlocked functions
2018-12-11 09:31:14 10456 [Note] InnoDB: Compressed tables use zlib 1.2.3
2018-12-11 09:31:14 10456 [Note] InnoDB: Not using CPU crc32 instructions
2018-12-11 09:31:14 10456 [Note] InnoDB: Initializing buffer pool, size = 128.0M
2018-12-11 09:31:14 10456 [Note] InnoDB: Completed initialization of buffer pool
2018-12-11 09:31:15 10456 [Note] InnoDB: Highest supported file format is Barracuda.
2018-12-11 09:31:15 10456 [Note] InnoDB: The log sequence numbers 1626134 and 1626134 in ibdata files do not match the log sequence number 1626746 in the ib_logfiles!
2018-12-11 09:31:15 10456 [Note] InnoDB: Database was not shutdown normally!
2018-12-11 09:31:15 10456 [Note] InnoDB: Starting crash recovery.
2018-12-11 09:31:15 10456 [Note] InnoDB: Reading tablespace information from the .ibd files...
2018-12-11 09:31:15 10456 [Note] InnoDB: Restoring possible half-written data pages 
2018-12-11 09:31:15 10456 [Note] InnoDB: from the doublewrite buffer...
2018-12-11 09:31:19 10456 [Note] InnoDB: 128 rollback segment(s) are active.
2018-12-11 09:31:19 10456 [Note] InnoDB: Waiting for purge to start
2018-12-11 09:31:19 10456 [Note] InnoDB: 5.6.13 started; log sequence number 1626746
2018-12-11 09:31:19 10456 [Note] Server hostname (bind-address): '*'; port: 3306
2018-12-11 09:31:19 10456 [Note] IPv6 is available.
2018-12-11 09:31:19 10456 [Note]   - '::' resolves to '::';
2018-12-11 09:31:19 10456 [Note] Server socket created on IP: '::'.
